e:\repository\bin\sudoku\sudoku\debug\sudoku.pch
e:\repository\bin\sudoku\sudoku\debug\vc140.pdb
e:\repository\bin\sudoku\sudoku\debug\vc140.idb
e:\repository\bin\sudoku\sudoku\debug\stdafx.obj
e:\repository\bin\sudoku\sudoku\debug\check.obj
e:\repository\bin\sudoku\sudoku\debug\print.obj
e:\repository\bin\sudoku\sudoku\debug\sudoku.obj
e:\repository\bin\sudoku\sudoku\debug\sudokuproduce.obj
e:\repository\bin\sudoku\debug\sudoku.ilk
e:\repository\bin\sudoku\debug\sudoku.exe
e:\repository\bin\sudoku\debug\sudoku.pdb
e:\repository\sudoku\sudoku\debug\check.obj
e:\repository\sudoku\sudoku\debug\print.obj
e:\repository\sudoku\sudoku\debug\stdafx.obj
e:\repository\sudoku\sudoku\debug\sudoku.obj
e:\repository\sudoku\sudoku\debug\sudokuproduce.obj
e:\repository\sudoku\sudoku\debug\sudoku.pch
e:\repository\sudoku\sudoku\debug\vc140.idb
e:\repository\sudoku\sudoku\debug\vc140.pdb
e:\repository\sudoku\debug\sudoku.pdb
e:\repository\sudoku\debug\sudoku.exe
e:\repository\sudoku\debug\sudoku.ilk
e:\repository\sudoku\sudoku\debug\sudoku.tlog\cl.command.1.tlog
e:\repository\sudoku\sudoku\debug\sudoku.tlog\cl.read.1.tlog
e:\repository\sudoku\sudoku\debug\sudoku.tlog\cl.write.1.tlog
e:\repository\sudoku\sudoku\debug\sudoku.tlog\link.command.1.tlog
e:\repository\sudoku\sudoku\debug\sudoku.tlog\link.read.1.tlog
e:\repository\sudoku\sudoku\debug\sudoku.tlog\link.write.1.tlog
